# LogFrom:E:/yuyao/app/offer.php LogSetPath:Profile/MysqlOrmParser #

/offer.php?do=offerlist&category_id=4&_=1504892212318
SELECT count(*) as count FROM yy_goods a LEFT JOIN yy_category b ON a.category_id = b.cid WHERE  a.is_delete = 0 AND a.is_show = 0 AND a.category_id = 4 LIMIT 1
SELECT * FROM yy_goods a LEFT JOIN yy_category b ON a.category_id = b.cid WHERE  a.is_delete = 0 AND a.is_show = 0 AND a.category_id = 4 ORDER BY goods_id DESC LIMIT 0, 10
SELECT * FROM yy_category WHERE is_delete = 0 ORDER BY sort ASC
SELECT price FROM yy_offer WHERE role_id = 4 AND goods_id = 2 ORDER BY offer_id DESC LIMIT 1
SELECT price FROM yy_offer WHERE role_id = 4 AND goods_id = 1 ORDER BY offer_id DESC LIMIT 1
SELECT price FROM yy_goods WHERE goods_id = 1 LIMIT 1


/offer.php?do=offerlist&category_id=5&_=1504892212323
SELECT count(*) as count FROM yy_goods a LEFT JOIN yy_category b ON a.category_id = b.cid WHERE  a.is_delete = 0 AND a.is_show = 0 AND a.category_id = 5 LIMIT 1
SELECT * FROM yy_goods a LEFT JOIN yy_category b ON a.category_id = b.cid WHERE  a.is_delete = 0 AND a.is_show = 0 AND a.category_id = 5 ORDER BY goods_id DESC LIMIT 0, 10
SELECT * FROM yy_category WHERE is_delete = 0 ORDER BY sort ASC
SELECT price FROM yy_offer WHERE role_id = 4 AND goods_id = 5 ORDER BY offer_id DESC LIMIT 1
SELECT price FROM yy_goods WHERE goods_id = 5 LIMIT 1
SELECT price FROM yy_offer WHERE role_id = 4 AND goods_id = 4 ORDER BY offer_id DESC LIMIT 1
SELECT price FROM yy_goods WHERE goods_id = 4 LIMIT 1
SELECT price FROM yy_offer WHERE role_id = 4 AND goods_id = 3 ORDER BY offer_id DESC LIMIT 1


/offer.php?do=offerlist&category_id=4&_=1504892212324
SELECT count(*) as count FROM yy_goods a LEFT JOIN yy_category b ON a.category_id = b.cid WHERE  a.is_delete = 0 AND a.is_show = 0 AND a.category_id = 4 LIMIT 1
SELECT * FROM yy_goods a LEFT JOIN yy_category b ON a.category_id = b.cid WHERE  a.is_delete = 0 AND a.is_show = 0 AND a.category_id = 4 ORDER BY goods_id DESC LIMIT 0, 10
SELECT * FROM yy_category WHERE is_delete = 0 ORDER BY sort ASC
SELECT price FROM yy_offer WHERE role_id = 4 AND goods_id = 2 ORDER BY offer_id DESC LIMIT 1
SELECT price FROM yy_offer WHERE role_id = 4 AND goods_id = 1 ORDER BY offer_id DESC LIMIT 1
SELECT price FROM yy_goods WHERE goods_id = 1 LIMIT 1


/offer.php?do=offerlist&category_id=4&_=1504895091180
SELECT count(*) as count FROM yy_goods a LEFT JOIN yy_category b ON a.category_id = b.cid WHERE  a.is_delete = 0 AND a.is_show = 0 AND a.category_id = 4 LIMIT 1
SELECT * FROM yy_goods a LEFT JOIN yy_category b ON a.category_id = b.cid WHERE  a.is_delete = 0 AND a.is_show = 0 AND a.category_id = 4 ORDER BY goods_id DESC LIMIT 0, 10
SELECT * FROM yy_category WHERE is_delete = 0 ORDER BY sort ASC
SELECT price FROM yy_offer WHERE role_id = 4 AND goods_id = 2 ORDER BY offer_id DESC LIMIT 1
SELECT price FROM yy_offer WHERE role_id = 4 AND goods_id = 1 ORDER BY offer_id DESC LIMIT 1
SELECT price FROM yy_goods WHERE goods_id = 1 LIMIT 1


/offer.php?do=offerlist&category_id=4&_=1504895109900
SELECT count(*) as count FROM yy_goods a LEFT JOIN yy_category b ON a.category_id = b.cid WHERE  a.is_delete = 0 AND a.is_show = 0 AND a.category_id = 4 LIMIT 1
SELECT * FROM yy_goods a LEFT JOIN yy_category b ON a.category_id = b.cid WHERE  a.is_delete = 0 AND a.is_show = 0 AND a.category_id = 4 ORDER BY goods_id DESC LIMIT 0, 10
SELECT * FROM yy_category WHERE is_delete = 0 ORDER BY sort ASC
SELECT price FROM yy_offer WHERE role_id = 4 AND goods_id = 2 ORDER BY offer_id DESC LIMIT 1
SELECT price FROM yy_offer WHERE role_id = 4 AND goods_id = 1 ORDER BY offer_id DESC LIMIT 1
SELECT price FROM yy_goods WHERE goods_id = 1 LIMIT 1


/offer.php?do=offerlist&category_id=4&_=1504895174923
SELECT count(*) as count FROM yy_goods a LEFT JOIN yy_category b ON a.category_id = b.cid WHERE  a.is_delete = 0 AND a.is_show = 0 AND a.category_id = 4 LIMIT 1
SELECT * FROM yy_goods a LEFT JOIN yy_category b ON a.category_id = b.cid WHERE  a.is_delete = 0 AND a.is_show = 0 AND a.category_id = 4 ORDER BY goods_id DESC LIMIT 0, 10
SELECT * FROM yy_category WHERE is_delete = 0 ORDER BY sort ASC
SELECT price FROM yy_offer WHERE role_id = 4 AND goods_id = 2 ORDER BY offer_id DESC LIMIT 1
SELECT price FROM yy_offer WHERE role_id = 4 AND goods_id = 1 ORDER BY offer_id DESC LIMIT 1
SELECT price FROM yy_goods WHERE goods_id = 1 LIMIT 1


/offer.php?do=offerlist&category_id=4&_=1504895202528
SELECT count(*) as count FROM yy_goods a LEFT JOIN yy_category b ON a.category_id = b.cid WHERE  a.is_delete = 0 AND a.is_show = 0 AND a.category_id = 4 LIMIT 1
SELECT * FROM yy_goods a LEFT JOIN yy_category b ON a.category_id = b.cid WHERE  a.is_delete = 0 AND a.is_show = 0 AND a.category_id = 4 ORDER BY goods_id DESC LIMIT 0, 10
SELECT * FROM yy_category WHERE is_delete = 0 ORDER BY sort ASC
SELECT price FROM yy_offer WHERE role_id = 4 AND goods_id = 2 ORDER BY offer_id DESC LIMIT 1
SELECT price FROM yy_offer WHERE role_id = 4 AND goods_id = 1 ORDER BY offer_id DESC LIMIT 1
SELECT price FROM yy_goods WHERE goods_id = 1 LIMIT 1


/offer.php?do=offerlist&category_id=4&_=1504895202529
SELECT count(*) as count FROM yy_goods a LEFT JOIN yy_category b ON a.category_id = b.cid WHERE  a.is_delete = 0 AND a.is_show = 0 AND a.category_id = 4 LIMIT 1
SELECT * FROM yy_goods a LEFT JOIN yy_category b ON a.category_id = b.cid WHERE  a.is_delete = 0 AND a.is_show = 0 AND a.category_id = 4 ORDER BY goods_id DESC LIMIT 0, 10
SELECT * FROM yy_category WHERE is_delete = 0 ORDER BY sort ASC
SELECT price FROM yy_offer WHERE role_id = 4 AND goods_id = 2 ORDER BY offer_id DESC LIMIT 1
SELECT price FROM yy_offer WHERE role_id = 4 AND goods_id = 1 ORDER BY offer_id DESC LIMIT 1
SELECT price FROM yy_goods WHERE goods_id = 1 LIMIT 1


/offer.php?do=offerlist&category_id=4&_=1504895311116
SELECT count(*) as count FROM yy_goods a LEFT JOIN yy_category b ON a.category_id = b.cid WHERE  a.is_delete = 0 AND a.is_show = 0 AND a.category_id = 4 LIMIT 1
SELECT * FROM yy_goods a LEFT JOIN yy_category b ON a.category_id = b.cid WHERE  a.is_delete = 0 AND a.is_show = 0 AND a.category_id = 4 ORDER BY goods_id DESC LIMIT 0, 10
SELECT * FROM yy_category WHERE is_delete = 0 ORDER BY sort ASC
SELECT price FROM yy_offer WHERE role_id = 4 AND goods_id = 2 ORDER BY offer_id DESC LIMIT 1
SELECT price FROM yy_offer WHERE role_id = 4 AND goods_id = 1 ORDER BY offer_id DESC LIMIT 1
SELECT price FROM yy_goods WHERE goods_id = 1 LIMIT 1


/offer.php?do=offerlist&category_id=4&_=1504895342277
SELECT count(*) as count FROM yy_goods a LEFT JOIN yy_category b ON a.category_id = b.cid WHERE  a.is_delete = 0 AND a.is_show = 0 AND a.category_id = 4 LIMIT 1
SELECT * FROM yy_goods a LEFT JOIN yy_category b ON a.category_id = b.cid WHERE  a.is_delete = 0 AND a.is_show = 0 AND a.category_id = 4 ORDER BY goods_id DESC LIMIT 0, 10
SELECT * FROM yy_category WHERE is_delete = 0 ORDER BY sort ASC
SELECT price FROM yy_offer WHERE role_id = 4 AND goods_id = 2 ORDER BY offer_id DESC LIMIT 1
SELECT price FROM yy_offer WHERE role_id = 4 AND goods_id = 1 ORDER BY offer_id DESC LIMIT 1
SELECT price FROM yy_goods WHERE goods_id = 1 LIMIT 1


/offer.php?do=offerlist&category_id=4&_=1504895342278
SELECT count(*) as count FROM yy_goods a LEFT JOIN yy_category b ON a.category_id = b.cid WHERE  a.is_delete = 0 AND a.is_show = 0 AND a.category_id = 4 LIMIT 1
SELECT * FROM yy_goods a LEFT JOIN yy_category b ON a.category_id = b.cid WHERE  a.is_delete = 0 AND a.is_show = 0 AND a.category_id = 4 ORDER BY goods_id DESC LIMIT 0, 10
SELECT * FROM yy_category WHERE is_delete = 0 ORDER BY sort ASC
SELECT price FROM yy_offer WHERE role_id = 4 AND goods_id = 2 ORDER BY offer_id DESC LIMIT 1
SELECT price FROM yy_offer WHERE role_id = 4 AND goods_id = 1 ORDER BY offer_id DESC LIMIT 1
SELECT price FROM yy_goods WHERE goods_id = 1 LIMIT 1


/offer.php?do=offerlist&category_id=4&_=1504895418571
SELECT count(*) as count FROM yy_goods a LEFT JOIN yy_category b ON a.category_id = b.cid WHERE  a.is_delete = 0 AND a.is_show = 0 AND a.category_id = 4 LIMIT 1
SELECT * FROM yy_goods a LEFT JOIN yy_category b ON a.category_id = b.cid WHERE  a.is_delete = 0 AND a.is_show = 0 AND a.category_id = 4 ORDER BY goods_id DESC LIMIT 0, 10
SELECT * FROM yy_category WHERE is_delete = 0 ORDER BY sort ASC
SELECT price FROM yy_offer WHERE role_id = 4 AND goods_id = 2 ORDER BY offer_id DESC LIMIT 1
SELECT price FROM yy_offer WHERE role_id = 4 AND goods_id = 1 ORDER BY offer_id DESC LIMIT 1
SELECT price FROM yy_goods WHERE goods_id = 1 LIMIT 1


/offer.php?do=offerlist&category_id=4&_=1504895489928
SELECT count(*) as count FROM yy_goods a LEFT JOIN yy_category b ON a.category_id = b.cid WHERE  a.is_delete = 0 AND a.is_show = 0 AND a.category_id = 4 LIMIT 1
SELECT * FROM yy_goods a LEFT JOIN yy_category b ON a.category_id = b.cid WHERE  a.is_delete = 0 AND a.is_show = 0 AND a.category_id = 4 ORDER BY goods_id DESC LIMIT 0, 10
SELECT * FROM yy_category WHERE is_delete = 0 ORDER BY sort ASC
SELECT price FROM yy_offer WHERE role_id = 4 AND goods_id = 2 ORDER BY offer_id DESC LIMIT 1
SELECT price FROM yy_offer WHERE role_id = 4 AND goods_id = 1 ORDER BY offer_id DESC LIMIT 1
SELECT price FROM yy_goods WHERE goods_id = 1 LIMIT 1


/offer.php?do=offerlist&category_id=4&_=1504895517478
SELECT count(*) as count FROM yy_goods a LEFT JOIN yy_category b ON a.category_id = b.cid WHERE  a.is_delete = 0 AND a.is_show = 0 AND a.category_id = 4 LIMIT 1
SELECT * FROM yy_goods a LEFT JOIN yy_category b ON a.category_id = b.cid WHERE  a.is_delete = 0 AND a.is_show = 0 AND a.category_id = 4 ORDER BY goods_id DESC LIMIT 0, 10
SELECT * FROM yy_category WHERE is_delete = 0 ORDER BY sort ASC
SELECT price FROM yy_offer WHERE role_id = 4 AND goods_id = 2 ORDER BY offer_id DESC LIMIT 1
SELECT price FROM yy_offer WHERE role_id = 4 AND goods_id = 1 ORDER BY offer_id DESC LIMIT 1
SELECT price FROM yy_goods WHERE goods_id = 1 LIMIT 1


/offer.php?do=offerlist&category_id=4&_=1504895517479
SELECT count(*) as count FROM yy_goods a LEFT JOIN yy_category b ON a.category_id = b.cid WHERE  a.is_delete = 0 AND a.is_show = 0 AND a.category_id = 4 LIMIT 1
SELECT * FROM yy_goods a LEFT JOIN yy_category b ON a.category_id = b.cid WHERE  a.is_delete = 0 AND a.is_show = 0 AND a.category_id = 4 ORDER BY goods_id DESC LIMIT 0, 10
SELECT * FROM yy_category WHERE is_delete = 0 ORDER BY sort ASC
SELECT price FROM yy_offer WHERE role_id = 4 AND goods_id = 2 ORDER BY offer_id DESC LIMIT 1
SELECT price FROM yy_offer WHERE role_id = 4 AND goods_id = 1 ORDER BY offer_id DESC LIMIT 1
SELECT price FROM yy_goods WHERE goods_id = 1 LIMIT 1


/offer.php?do=offerlist&category_id=4&_=1504895517480
SELECT count(*) as count FROM yy_goods a LEFT JOIN yy_category b ON a.category_id = b.cid WHERE  a.is_delete = 0 AND a.is_show = 0 AND a.category_id = 4 LIMIT 1
SELECT * FROM yy_goods a LEFT JOIN yy_category b ON a.category_id = b.cid WHERE  a.is_delete = 0 AND a.is_show = 0 AND a.category_id = 4 ORDER BY goods_id DESC LIMIT 0, 10
SELECT * FROM yy_category WHERE is_delete = 0 ORDER BY sort ASC
SELECT price FROM yy_offer WHERE role_id = 4 AND goods_id = 2 ORDER BY offer_id DESC LIMIT 1
SELECT price FROM yy_offer WHERE role_id = 4 AND goods_id = 1 ORDER BY offer_id DESC LIMIT 1
SELECT price FROM yy_goods WHERE goods_id = 1 LIMIT 1


/offer.php?do=offerlist&category_id=4&_=1504895517481
SELECT count(*) as count FROM yy_goods a LEFT JOIN yy_category b ON a.category_id = b.cid WHERE  a.is_delete = 0 AND a.is_show = 0 AND a.category_id = 4 LIMIT 1
SELECT * FROM yy_goods a LEFT JOIN yy_category b ON a.category_id = b.cid WHERE  a.is_delete = 0 AND a.is_show = 0 AND a.category_id = 4 ORDER BY goods_id DESC LIMIT 0, 10
SELECT * FROM yy_category WHERE is_delete = 0 ORDER BY sort ASC
SELECT price FROM yy_offer WHERE role_id = 4 AND goods_id = 2 ORDER BY offer_id DESC LIMIT 1
SELECT price FROM yy_offer WHERE role_id = 4 AND goods_id = 1 ORDER BY offer_id DESC LIMIT 1
SELECT price FROM yy_goods WHERE goods_id = 1 LIMIT 1


/offer.php?do=offerlist&category_id=4&_=1504895517482
SELECT count(*) as count FROM yy_goods a LEFT JOIN yy_category b ON a.category_id = b.cid WHERE  a.is_delete = 0 AND a.is_show = 0 AND a.category_id = 4 LIMIT 1
SELECT * FROM yy_goods a LEFT JOIN yy_category b ON a.category_id = b.cid WHERE  a.is_delete = 0 AND a.is_show = 0 AND a.category_id = 4 ORDER BY goods_id DESC LIMIT 0, 10
SELECT * FROM yy_category WHERE is_delete = 0 ORDER BY sort ASC
SELECT price FROM yy_offer WHERE role_id = 4 AND goods_id = 2 ORDER BY offer_id DESC LIMIT 1
SELECT price FROM yy_offer WHERE role_id = 4 AND goods_id = 1 ORDER BY offer_id DESC LIMIT 1
SELECT price FROM yy_goods WHERE goods_id = 1 LIMIT 1


/offer.php?do=offerlist&category_id=4&_=1504895517483
SELECT count(*) as count FROM yy_goods a LEFT JOIN yy_category b ON a.category_id = b.cid WHERE  a.is_delete = 0 AND a.is_show = 0 AND a.category_id = 4 LIMIT 1
SELECT * FROM yy_goods a LEFT JOIN yy_category b ON a.category_id = b.cid WHERE  a.is_delete = 0 AND a.is_show = 0 AND a.category_id = 4 ORDER BY goods_id DESC LIMIT 0, 10
SELECT * FROM yy_category WHERE is_delete = 0 ORDER BY sort ASC
SELECT price FROM yy_offer WHERE role_id = 4 AND goods_id = 2 ORDER BY offer_id DESC LIMIT 1
SELECT price FROM yy_offer WHERE role_id = 4 AND goods_id = 1 ORDER BY offer_id DESC LIMIT 1
SELECT price FROM yy_goods WHERE goods_id = 1 LIMIT 1


/offer.php?do=offerlist&category_id=4&_=1504895517484
SELECT count(*) as count FROM yy_goods a LEFT JOIN yy_category b ON a.category_id = b.cid WHERE  a.is_delete = 0 AND a.is_show = 0 AND a.category_id = 4 LIMIT 1
SELECT * FROM yy_goods a LEFT JOIN yy_category b ON a.category_id = b.cid WHERE  a.is_delete = 0 AND a.is_show = 0 AND a.category_id = 4 ORDER BY goods_id DESC LIMIT 0, 10
SELECT * FROM yy_category WHERE is_delete = 0 ORDER BY sort ASC
SELECT price FROM yy_offer WHERE role_id = 4 AND goods_id = 2 ORDER BY offer_id DESC LIMIT 1
SELECT price FROM yy_offer WHERE role_id = 4 AND goods_id = 1 ORDER BY offer_id DESC LIMIT 1
SELECT price FROM yy_goods WHERE goods_id = 1 LIMIT 1


/offer.php?do=offerlist&category_id=4&_=1504895517485
SELECT count(*) as count FROM yy_goods a LEFT JOIN yy_category b ON a.category_id = b.cid WHERE  a.is_delete = 0 AND a.is_show = 0 AND a.category_id = 4 LIMIT 1
SELECT * FROM yy_goods a LEFT JOIN yy_category b ON a.category_id = b.cid WHERE  a.is_delete = 0 AND a.is_show = 0 AND a.category_id = 4 ORDER BY goods_id DESC LIMIT 0, 10
SELECT * FROM yy_category WHERE is_delete = 0 ORDER BY sort ASC
SELECT price FROM yy_offer WHERE role_id = 4 AND goods_id = 2 ORDER BY offer_id DESC LIMIT 1
SELECT price FROM yy_offer WHERE role_id = 4 AND goods_id = 1 ORDER BY offer_id DESC LIMIT 1
SELECT price FROM yy_goods WHERE goods_id = 1 LIMIT 1


/offer.php?do=offerlist&category_id=4&_=1504895517486
SELECT count(*) as count FROM yy_goods a LEFT JOIN yy_category b ON a.category_id = b.cid WHERE  a.is_delete = 0 AND a.is_show = 0 AND a.category_id = 4 LIMIT 1
SELECT * FROM yy_goods a LEFT JOIN yy_category b ON a.category_id = b.cid WHERE  a.is_delete = 0 AND a.is_show = 0 AND a.category_id = 4 ORDER BY goods_id DESC LIMIT 0, 10
SELECT * FROM yy_category WHERE is_delete = 0 ORDER BY sort ASC
SELECT price FROM yy_offer WHERE role_id = 4 AND goods_id = 2 ORDER BY offer_id DESC LIMIT 1
SELECT price FROM yy_offer WHERE role_id = 4 AND goods_id = 1 ORDER BY offer_id DESC LIMIT 1
SELECT price FROM yy_goods WHERE goods_id = 1 LIMIT 1


/offer.php?do=offerlist&category_id=4&_=1504895517487
SELECT count(*) as count FROM yy_goods a LEFT JOIN yy_category b ON a.category_id = b.cid WHERE  a.is_delete = 0 AND a.is_show = 0 AND a.category_id = 4 LIMIT 1
SELECT * FROM yy_goods a LEFT JOIN yy_category b ON a.category_id = b.cid WHERE  a.is_delete = 0 AND a.is_show = 0 AND a.category_id = 4 ORDER BY goods_id DESC LIMIT 0, 10
SELECT * FROM yy_category WHERE is_delete = 0 ORDER BY sort ASC
SELECT price FROM yy_offer WHERE role_id = 4 AND goods_id = 2 ORDER BY offer_id DESC LIMIT 1
SELECT price FROM yy_offer WHERE role_id = 4 AND goods_id = 1 ORDER BY offer_id DESC LIMIT 1
SELECT price FROM yy_goods WHERE goods_id = 1 LIMIT 1


/offer.php?do=offerlist&category_id=4&_=1504896316906
SELECT count(*) as count FROM yy_goods a LEFT JOIN yy_category b ON a.category_id = b.cid WHERE  a.is_delete = 0 AND a.is_show = 0 AND a.category_id = 4 LIMIT 1
SELECT * FROM yy_goods a LEFT JOIN yy_category b ON a.category_id = b.cid WHERE  a.is_delete = 0 AND a.is_show = 0 AND a.category_id = 4 ORDER BY goods_id DESC LIMIT 0, 10
SELECT * FROM yy_category WHERE is_delete = 0 ORDER BY sort ASC
SELECT price FROM yy_offer WHERE role_id = 4 AND goods_id = 2 ORDER BY offer_id DESC LIMIT 1
SELECT price FROM yy_offer WHERE role_id = 4 AND goods_id = 1 ORDER BY offer_id DESC LIMIT 1
SELECT price FROM yy_goods WHERE goods_id = 1 LIMIT 1


/myorder.php?do=myorder&_=1504896316907
SELECT * FROM yy_order a LEFT JOIN yy_order_goods b ON a.order_id = b.order_id LEFT JOIN yy_goods c ON b.goods_id = c.goods_id WHERE a.is_delete = 0 AND a.order_status = 0 AND a.operator_id = 1
SELECT price FROM yy_offer WHERE role_id = 4 AND goods_id = 4 ORDER BY offer_id DESC LIMIT 1
SELECT price FROM yy_goods WHERE goods_id = 4 LIMIT 1
SELECT price FROM yy_offer WHERE role_id = 4 AND goods_id = 3 ORDER BY offer_id DESC LIMIT 1
SELECT price FROM yy_offer WHERE role_id = 4 AND goods_id = 2 ORDER BY offer_id DESC LIMIT 1
SELECT price FROM yy_offer WHERE role_id = 4 AND goods_id = 1 ORDER BY offer_id DESC LIMIT 1
SELECT price FROM yy_goods WHERE goods_id = 1 LIMIT 1


/myorder.php?do=myorder&_=1504896514839
SELECT * FROM yy_order a LEFT JOIN yy_order_goods b ON a.order_id = b.order_id LEFT JOIN yy_goods c ON b.goods_id = c.goods_id WHERE a.is_delete = 0 AND a.order_status = 0 AND a.operator_id = 1
SELECT price FROM yy_offer WHERE role_id = 4 AND goods_id = 4 ORDER BY offer_id DESC LIMIT 1
SELECT price FROM yy_goods WHERE goods_id = 4 LIMIT 1
SELECT price FROM yy_offer WHERE role_id = 4 AND goods_id = 3 ORDER BY offer_id DESC LIMIT 1
SELECT price FROM yy_offer WHERE role_id = 4 AND goods_id = 1 ORDER BY offer_id DESC LIMIT 1
SELECT price FROM yy_goods WHERE goods_id = 1 LIMIT 1


/myorder.php?do=myorder&_=1504896514840
SELECT * FROM yy_order a LEFT JOIN yy_order_goods b ON a.order_id = b.order_id LEFT JOIN yy_goods c ON b.goods_id = c.goods_id WHERE a.is_delete = 0 AND a.order_status = 0 AND a.operator_id = 1
SELECT price FROM yy_offer WHERE role_id = 4 AND goods_id = 4 ORDER BY offer_id DESC LIMIT 1
SELECT price FROM yy_goods WHERE goods_id = 4 LIMIT 1
SELECT price FROM yy_offer WHERE role_id = 4 AND goods_id = 3 ORDER BY offer_id DESC LIMIT 1
SELECT price FROM yy_offer WHERE role_id = 4 AND goods_id = 1 ORDER BY offer_id DESC LIMIT 1
SELECT price FROM yy_goods WHERE goods_id = 1 LIMIT 1


/myorder.php?do=myorder&_=1504896514841
SELECT * FROM yy_order a LEFT JOIN yy_order_goods b ON a.order_id = b.order_id LEFT JOIN yy_goods c ON b.goods_id = c.goods_id WHERE a.is_delete = 0 AND a.order_status = 0 AND a.operator_id = 1
SELECT price FROM yy_offer WHERE role_id = 4 AND goods_id = 4 ORDER BY offer_id DESC LIMIT 1
SELECT price FROM yy_goods WHERE goods_id = 4 LIMIT 1
SELECT price FROM yy_offer WHERE role_id = 4 AND goods_id = 3 ORDER BY offer_id DESC LIMIT 1
SELECT price FROM yy_offer WHERE role_id = 4 AND goods_id = 1 ORDER BY offer_id DESC LIMIT 1
SELECT price FROM yy_goods WHERE goods_id = 1 LIMIT 1


/myorder.php?do=myorder&_=1504896514842
SELECT * FROM yy_order a LEFT JOIN yy_order_goods b ON a.order_id = b.order_id LEFT JOIN yy_goods c ON b.goods_id = c.goods_id WHERE a.is_delete = 0 AND a.order_status = 0 AND a.operator_id = 1
SELECT price FROM yy_offer WHERE role_id = 4 AND goods_id = 4 ORDER BY offer_id DESC LIMIT 1
SELECT price FROM yy_goods WHERE goods_id = 4 LIMIT 1
SELECT price FROM yy_offer WHERE role_id = 4 AND goods_id = 3 ORDER BY offer_id DESC LIMIT 1
SELECT price FROM yy_offer WHERE role_id = 4 AND goods_id = 1 ORDER BY offer_id DESC LIMIT 1
SELECT price FROM yy_goods WHERE goods_id = 1 LIMIT 1


/myorder.php?do=myorder&_=1504896514843
SELECT * FROM yy_order a LEFT JOIN yy_order_goods b ON a.order_id = b.order_id LEFT JOIN yy_goods c ON b.goods_id = c.goods_id WHERE a.is_delete = 0 AND a.order_status = 0 AND a.operator_id = 1
SELECT price FROM yy_offer WHERE role_id = 4 AND goods_id = 4 ORDER BY offer_id DESC LIMIT 1
SELECT price FROM yy_goods WHERE goods_id = 4 LIMIT 1
SELECT price FROM yy_offer WHERE role_id = 4 AND goods_id = 3 ORDER BY offer_id DESC LIMIT 1
SELECT price FROM yy_offer WHERE role_id = 4 AND goods_id = 1 ORDER BY offer_id DESC LIMIT 1
SELECT price FROM yy_goods WHERE goods_id = 1 LIMIT 1


/myorder.php?do=myorder&_=1504896514844
SELECT * FROM yy_order a LEFT JOIN yy_order_goods b ON a.order_id = b.order_id LEFT JOIN yy_goods c ON b.goods_id = c.goods_id WHERE a.is_delete = 0 AND a.order_status = 0 AND a.operator_id = 1
SELECT price FROM yy_offer WHERE role_id = 4 AND goods_id = 4 ORDER BY offer_id DESC LIMIT 1
SELECT price FROM yy_goods WHERE goods_id = 4 LIMIT 1
SELECT price FROM yy_offer WHERE role_id = 4 AND goods_id = 3 ORDER BY offer_id DESC LIMIT 1
SELECT price FROM yy_offer WHERE role_id = 4 AND goods_id = 1 ORDER BY offer_id DESC LIMIT 1
SELECT price FROM yy_goods WHERE goods_id = 1 LIMIT 1


/myorder.php?do=myorder&_=1504896887124
SELECT * FROM yy_order a LEFT JOIN yy_order_goods b ON a.order_id = b.order_id LEFT JOIN yy_goods c ON b.goods_id = c.goods_id WHERE a.is_delete = 0 AND a.order_status = 0 AND a.operator_id = 1
SELECT price FROM yy_offer WHERE role_id = 4 AND goods_id = 4 ORDER BY offer_id DESC LIMIT 1
SELECT price FROM yy_goods WHERE goods_id = 4 LIMIT 1
SELECT price FROM yy_offer WHERE role_id = 4 AND goods_id = 3 ORDER BY offer_id DESC LIMIT 1
SELECT price FROM yy_offer WHERE role_id = 4 AND goods_id = 1 ORDER BY offer_id DESC LIMIT 1
SELECT price FROM yy_goods WHERE goods_id = 1 LIMIT 1


/myorder.php?do=myorder&_=1504896887125
SELECT * FROM yy_order a LEFT JOIN yy_order_goods b ON a.order_id = b.order_id LEFT JOIN yy_goods c ON b.goods_id = c.goods_id WHERE a.is_delete = 0 AND a.order_status = 0 AND a.operator_id = 1
SELECT price FROM yy_offer WHERE role_id = 4 AND goods_id = 4 ORDER BY offer_id DESC LIMIT 1
SELECT price FROM yy_goods WHERE goods_id = 4 LIMIT 1
SELECT price FROM yy_offer WHERE role_id = 4 AND goods_id = 3 ORDER BY offer_id DESC LIMIT 1
SELECT price FROM yy_offer WHERE role_id = 4 AND goods_id = 1 ORDER BY offer_id DESC LIMIT 1
SELECT price FROM yy_goods WHERE goods_id = 1 LIMIT 1


/myorder.php?do=myorder&_=1504896887126
SELECT * FROM yy_order a LEFT JOIN yy_order_goods b ON a.order_id = b.order_id LEFT JOIN yy_goods c ON b.goods_id = c.goods_id WHERE a.is_delete = 0 AND a.order_status = 0 AND a.operator_id = 1
SELECT price FROM yy_offer WHERE role_id = 4 AND goods_id = 4 ORDER BY offer_id DESC LIMIT 1
SELECT price FROM yy_goods WHERE goods_id = 4 LIMIT 1
SELECT price FROM yy_offer WHERE role_id = 4 AND goods_id = 3 ORDER BY offer_id DESC LIMIT 1
SELECT price FROM yy_offer WHERE role_id = 4 AND goods_id = 1 ORDER BY offer_id DESC LIMIT 1
SELECT price FROM yy_goods WHERE goods_id = 1 LIMIT 1


