# LogFrom:E:/yuyao/app/category.php LogSetPath:Debug/Query #

SELECT * FROM yy_category WHERE is_delete = 0 ORDER BY sort ASC;
SELECT * FROM yy_category WHERE is_delete = 0 ORDER BY sort ASC;
SELECT * FROM yy_category WHERE cid = 2 LIMIT 1;
SELECT * FROM yy_category WHERE cid = 4 LIMIT 1;
SELECT * FROM yy_category WHERE cid = 2 LIMIT 1;
SELECT * FROM yy_category WHERE cid = 4 LIMIT 1;
SELECT * FROM yy_category WHERE cid = 2 LIMIT 1;
SELECT * FROM yy_category WHERE cid = 4 LIMIT 1;
SELECT * FROM yy_category WHERE cid = 2 LIMIT 1;
SELECT * FROM yy_category WHERE cid = 4 LIMIT 1;
SELECT * FROM yy_category WHERE cid = 2 LIMIT 1;
SELECT * FROM yy_category WHERE cid = 4 LIMIT 1;
SELECT * FROM yy_category WHERE cid = 2 LIMIT 1;
SELECT * FROM yy_category WHERE cid = 4 LIMIT 1;
SELECT * FROM yy_category WHERE cid = 2 LIMIT 1;
SELECT * FROM yy_category WHERE cid = 4 LIMIT 1;
SELECT * FROM yy_category WHERE cid = 2 LIMIT 1;
SELECT * FROM yy_category WHERE cid = 4 LIMIT 1;
SELECT * FROM yy_category WHERE cid = 2 LIMIT 1;
SELECT * FROM yy_category WHERE cid = 4 LIMIT 1;
SELECT * FROM yy_category WHERE cid = 2 LIMIT 1;
SELECT * FROM yy_category WHERE cid = 4 LIMIT 1;
SELECT * FROM yy_category WHERE cid = 2 LIMIT 1;
SELECT * FROM yy_category WHERE cid = 4 LIMIT 1;
SELECT * FROM yy_category WHERE cid = 2 LIMIT 1;
SELECT * FROM yy_category WHERE cid = 4 LIMIT 1;
SELECT * FROM yy_category WHERE cid = 2 LIMIT 1;
SELECT * FROM yy_category WHERE cid = 4 LIMIT 1;
SELECT * FROM yy_category WHERE is_delete = 0 ORDER BY sort ASC;
SELECT * FROM yy_category WHERE cid = 2 LIMIT 1;
SELECT * FROM yy_category WHERE cid = 4 LIMIT 1;
SELECT * FROM yy_category WHERE cid = 2 LIMIT 1;
SELECT * FROM yy_category WHERE cid = 4 LIMIT 1;
SELECT * FROM yy_category WHERE cid = 2 LIMIT 1;
SELECT * FROM yy_category WHERE cid = 4 LIMIT 1;
SELECT * FROM yy_category WHERE is_delete = 0 ORDER BY sort ASC;
SELECT * FROM yy_category WHERE cid = 2 LIMIT 1;
SELECT * FROM yy_category WHERE cid = 4 LIMIT 1;
UPDATE yy_category SET cname = '日本老豆腐',url = 'http://www.sina.com',desc = '日本食品',ctype = '0',update_time = NOW() WHERE cid = 2;
SELECT * FROM yy_category WHERE is_delete = 0 ORDER BY sort ASC;
SELECT * FROM yy_category WHERE is_delete = 0 ORDER BY sort ASC;
SELECT * FROM yy_category WHERE cid = 2 LIMIT 1;
SELECT * FROM yy_category WHERE cid = 4 LIMIT 1;
SELECT * FROM yy_category WHERE is_delete = 0 ORDER BY sort ASC;
SELECT * FROM yy_category WHERE cid = 2 LIMIT 1;
SELECT * FROM yy_category WHERE cid = 4 LIMIT 1;
UPDATE yy_category SET cname = '日本老豆腐',url = 'http://www.sina.com',description = '日本食品',ctype = '0',update_time = NOW() WHERE cid = 2;
SELECT * FROM yy_category WHERE cid = 2 LIMIT 1;
SELECT * FROM yy_category WHERE cid = 4 LIMIT 1;
SELECT * FROM yy_category WHERE cid = 2 LIMIT 1;
SELECT * FROM yy_category WHERE cid = 4 LIMIT 1;
SELECT * FROM yy_category WHERE cid = 2 LIMIT 1;
SELECT * FROM yy_category WHERE cid = 4 LIMIT 1;
SELECT * FROM yy_category WHERE is_delete = 0 ORDER BY sort ASC;
SELECT * FROM yy_category WHERE cid = 2 LIMIT 1;
SELECT * FROM yy_category WHERE cid = 4 LIMIT 1;
INSERT INTO yy_category SET cname = '中国老豆腐',url = 'http://www.qq.com',description = '中国食品',ctype = '0',parent_id = '2',deepth = '1',create_time = NOW(), update_time = NOW();
SELECT * FROM yy_category WHERE is_delete = 0 ORDER BY sort ASC;
SELECT * FROM yy_category WHERE cid = 2 LIMIT 1;
SELECT * FROM yy_category WHERE cid = 4 LIMIT 1;
SELECT * FROM yy_category WHERE is_delete = 0 ORDER BY sort ASC;
SELECT * FROM yy_category WHERE cid = 2 LIMIT 1;
SELECT * FROM yy_category WHERE cid = 4 LIMIT 1;
SELECT * FROM yy_category WHERE cid = 2 LIMIT 1;
SELECT * FROM yy_category WHERE cid = 4 LIMIT 1;
SELECT * FROM yy_category WHERE is_delete = 0 ORDER BY sort ASC;
SELECT * FROM yy_category WHERE is_delete = 0 ORDER BY sort ASC;
SELECT * FROM yy_category WHERE cid = 1 LIMIT 1;
SELECT * FROM yy_category WHERE cid = 2 LIMIT 1;
UPDATE yy_category SET cname = '老豆腐',url = 'http://www.sina.com',description = '二级分类',ctype = '0',update_time = NOW() WHERE cid = 1;
SELECT * FROM yy_category WHERE is_delete = 0 ORDER BY sort ASC;
SELECT * FROM yy_category WHERE cid = 2 LIMIT 1;
SELECT * FROM yy_category WHERE cid = 4 LIMIT 1;
UPDATE yy_category SET cname = '日本老豆腐',url = 'http://www.sina.com',description = '日本食品',ctype = '0',update_time = NOW() WHERE cid = 2;
SELECT * FROM yy_category WHERE is_delete = 0 ORDER BY sort ASC;
SELECT * FROM yy_category WHERE cid = 2 LIMIT 1;
SELECT * FROM yy_category WHERE cid = 4 LIMIT 1;
SELECT * FROM yy_category WHERE cid = 1 LIMIT 1;
SELECT * FROM yy_category WHERE cid = 2 LIMIT 1;
SELECT * FROM yy_category WHERE is_delete = 0 ORDER BY sort ASC;
SELECT * FROM yy_category WHERE cid = 1 LIMIT 1;
SELECT * FROM yy_category WHERE cid = 2 LIMIT 1;
SELECT * FROM yy_category WHERE is_delete = 0 ORDER BY sort ASC;
SELECT * FROM yy_category WHERE cid = 1 LIMIT 1;
SELECT * FROM yy_category WHERE cid = 2 LIMIT 1;
UPDATE yy_category SET cname = '老豆腐',url = 'http://www.sina.com',description = '豆腐',ctype = '0',update_time = NOW() WHERE cid = 2;
SELECT * FROM yy_category WHERE is_delete = 0 ORDER BY sort ASC;
SELECT * FROM yy_category WHERE cid = 1 LIMIT 1;
SELECT * FROM yy_category WHERE cid = 2 LIMIT 1;
UPDATE yy_category SET cname = '老豆腐',url = 'http://www.sina.com',description = '豆腐',ctype = '0',update_time = NOW() WHERE cid = 2;
SELECT * FROM yy_category WHERE is_delete = 0 ORDER BY sort ASC;
SELECT * FROM yy_category WHERE cid = 1 LIMIT 1;
SELECT * FROM yy_category WHERE cid = 2 LIMIT 1;
SELECT * FROM yy_category WHERE is_delete = 0 ORDER BY sort ASC;
SELECT * FROM yy_category WHERE cid = 2 LIMIT 1;
SELECT * FROM yy_category WHERE cid = 4 LIMIT 1;
SELECT * FROM yy_category WHERE cid = 1 LIMIT 1;
SELECT * FROM yy_category WHERE cid = 2 LIMIT 1;
SELECT * FROM yy_category WHERE cid = 2 LIMIT 1;
SELECT * FROM yy_category WHERE cid = 5 LIMIT 1;
SELECT * FROM yy_category WHERE cid = 2 LIMIT 1;
SELECT * FROM yy_category WHERE cid = 4 LIMIT 1;
UPDATE yy_category SET cname = '日本老豆腐',url = 'http://www.sina.com',description = '日本食品',ctype = '0',update_time = NOW() WHERE cid = 4;
SELECT * FROM yy_category WHERE is_delete = 0 ORDER BY sort ASC;
SELECT * FROM yy_category WHERE cid = 2 LIMIT 1;
SELECT * FROM yy_category WHERE cid = 4 LIMIT 1;
